Compiling the C compiler identification source file "CMakeCCompilerId.c" failed.
Compiler: /Applications/Xcode.app/Contents/Developer/Toolchains/XcodeDefault.xctoolchain/usr/bin/cc 
Build flags: 
Id flags:  

The output was:
1
ld: library not found for -lSystem
clang: error: linker command failed with exit code 1 (use -v to see invocation)


Compiling the CXX compiler identification source file "CMakeCXXCompilerId.cpp" failed.
Compiler: /Applications/Xcode.app/Contents/Developer/Toolchains/XcodeDefault.xctoolchain/usr/bin/c++ 
Build flags: 
Id flags:  

The output was:
1
ld: library not found for -lc++
clang: error: linker command failed with exit code 1 (use -v to see invocation)


Performing C SOURCE FILE Test Iconv_IS_BUILT_IN failed with the following output:
Change Dir: /Users/dennyaprilio/Documents/psvita/jailbreak/FinalHE_1-92_and_Dependencies/finalhe-1.92/CMakeFiles/CMakeTmp

Run Build Command(s):/usr/bin/make -f Makefile cmTC_c7602/fast && /Applications/Xcode.app/Contents/Developer/usr/bin/make  -f CMakeFiles/cmTC_c7602.dir/build.make CMakeFiles/cmTC_c7602.dir/build
Building C object CMakeFiles/cmTC_c7602.dir/src.c.o
/Applications/Xcode.app/Contents/Developer/Toolchains/XcodeDefault.xctoolchain/usr/bin/cc -DIconv_IS_BUILT_IN  -isysroot /Applications/Xcode.app/Contents/Developer/Platforms/MacOSX.platform/Developer/SDKs/MacOSX11.3.sdk -MD -MT CMakeFiles/cmTC_c7602.dir/src.c.o -MF CMakeFiles/cmTC_c7602.dir/src.c.o.d -o CMakeFiles/cmTC_c7602.dir/src.c.o -c /Users/dennyaprilio/Documents/psvita/jailbreak/FinalHE_1-92_and_Dependencies/finalhe-1.92/CMakeFiles/CMakeTmp/src.c
Linking C executable cmTC_c7602
/usr/local/Cellar/cmake/3.20.2/bin/cmake -E cmake_link_script CMakeFiles/cmTC_c7602.dir/link.txt --verbose=1
/Applications/Xcode.app/Contents/Developer/Toolchains/XcodeDefault.xctoolchain/usr/bin/cc  -isysroot /Applications/Xcode.app/Contents/Developer/Platforms/MacOSX.platform/Developer/SDKs/MacOSX11.3.sdk -Wl,-search_paths_first -Wl,-headerpad_max_install_names -L/usr/local/opt/qt@5/lib  CMakeFiles/cmTC_c7602.dir/src.c.o -o cmTC_c7602 
Undefined symbols for architecture x86_64:
  "_iconv", referenced from:
      _main in src.c.o
  "_iconv_close", referenced from:
      _main in src.c.o
  "_iconv_open", referenced from:
      _main in src.c.o
ld: symbol(s) not found for architecture x86_64
clang: error: linker command failed with exit code 1 (use -v to see invocation)
make[1]: *** [cmTC_c7602] Error 1
make: *** [cmTC_c7602/fast] Error 2


Source file was:

      #include <stddef.h>
      #include <iconv.h>
      int main() {
        char *a, *b;
        size_t i, j;
        iconv_t ic;
        ic = iconv_open("to", "from");
        iconv(ic, &a, &i, &b, &j);
        iconv_close(ic);
      }
      
